\BOOKMARK [1][-]{section.1}{\376\377\000O\000\040\000p\000r\000o\000g\000r\000a\000m\000a}{}% 1
\BOOKMARK [1][-]{section.2}{\376\377\000A\000s\000\040\000f\000u\000n\000\347\000\365\000e\000s}{}% 2
\BOOKMARK [2][-]{subsection.2.1}{\376\377\000N\000o\000\040\000a\000r\000q\000u\000i\000v\000o\000\040\000d\000a\000\040\000m\000a\000i\000n}{section.2}% 3
\BOOKMARK [2][-]{subsection.2.2}{\376\377\000a\000u\000x\000f\000u\000n\000c\000s\000.\000h}{section.2}% 4
\BOOKMARK [2][-]{subsection.2.3}{\376\377\000b\000u\000f\000f\000e\000r\000.\000h}{section.2}% 5
\BOOKMARK [2][-]{subsection.2.4}{\376\377\000v\000e\000c\000t\000o\000r\000f\000u\000n\000c\000s\000.\000h}{section.2}% 6
\BOOKMARK [2][-]{subsection.2.5}{\376\377\000l\000i\000n\000k\000e\000d\000l\000i\000s\000t\000f\000u\000n\000c\000s\000.\000h}{section.2}% 7
\BOOKMARK [2][-]{subsection.2.6}{\376\377\000t\000a\000b\000e\000l\000a\000S\000i\000m\000b\000o\000l\000o\000\137\000V\000O\000.\000h}{section.2}% 8
\BOOKMARK [2][-]{subsection.2.7}{\376\377\000t\000a\000b\000e\000l\000a\000S\000i\000m\000b\000o\000l\000o\000\137\000V\000D\000.\000h}{section.2}% 9
\BOOKMARK [2][-]{subsection.2.8}{\376\377\000t\000a\000b\000e\000l\000a\000S\000i\000m\000b\000o\000l\000o\000\137\000L\000O\000.\000h}{section.2}% 10
\BOOKMARK [2][-]{subsection.2.9}{\376\377\000t\000a\000b\000e\000l\000a\000S\000i\000m\000b\000o\000l\000o\000\137\000L\000D\000.\000h}{section.2}% 11
\BOOKMARK [2][-]{subsection.2.10}{\376\377\000t\000a\000b\000e\000l\000a\000S\000i\000m\000b\000o\000l\000o\000\137\000A\000B\000.\000h}{section.2}% 12
\BOOKMARK [1][-]{section.3}{\376\377\000A\000n\000\341\000l\000i\000z\000e\000\040\000d\000o\000s\000\040\000a\000l\000g\000o\000r\000i\000t\000m\000o\000s}{}% 13
\BOOKMARK [2][-]{subsection.3.1}{\376\377\000V\000e\000t\000o\000r\000\040\000d\000e\000s\000o\000r\000d\000e\000n\000a\000d\000o}{section.3}% 14
\BOOKMARK [3][-]{subsubsection.3.1.1}{\376\377\000I\000n\000s\000e\000r\000\347\000\343\000o}{subsection.3.1}% 15
\BOOKMARK [3][-]{subsubsection.3.1.2}{\376\377\000I\000m\000p\000r\000e\000s\000s\000\343\000o}{subsection.3.1}% 16
\BOOKMARK [2][-]{subsection.3.2}{\376\377\000V\000e\000t\000o\000r\000\040\000o\000r\000d\000e\000n\000a\000d\000o}{section.3}% 17
\BOOKMARK [3][-]{subsubsection.3.2.1}{\376\377\000I\000n\000s\000e\000r\000\347\000\343\000o}{subsection.3.2}% 18
\BOOKMARK [3][-]{subsubsection.3.2.2}{\376\377\000I\000m\000p\000r\000e\000s\000s\000\343\000o}{subsection.3.2}% 19
\BOOKMARK [2][-]{subsection.3.3}{\376\377\000L\000i\000s\000t\000a\000\040\000l\000i\000g\000a\000d\000a\000\040\000d\000e\000s\000o\000r\000d\000e\000n\000a\000d\000a}{section.3}% 20
\BOOKMARK [3][-]{subsubsection.3.3.1}{\376\377\000I\000n\000s\000e\000r\000\347\000\343\000o}{subsection.3.3}% 21
\BOOKMARK [3][-]{subsubsection.3.3.2}{\376\377\000I\000m\000p\000r\000e\000s\000s\000\343\000o}{subsection.3.3}% 22
\BOOKMARK [2][-]{subsection.3.4}{\376\377\000L\000i\000s\000t\000a\000\040\000l\000i\000g\000a\000d\000a\000\040\000o\000r\000d\000e\000n\000a\000d\000a}{section.3}% 23
\BOOKMARK [3][-]{subsubsection.3.4.1}{\376\377\000I\000n\000s\000e\000r\000\347\000\343\000o}{subsection.3.4}% 24
\BOOKMARK [3][-]{subsubsection.3.4.2}{\376\377\000I\000m\000p\000r\000e\000s\000s\000\343\000o}{subsection.3.4}% 25
\BOOKMARK [2][-]{subsection.3.5}{\376\377\000\301\000r\000v\000o\000r\000e\000\040\000d\000e\000\040\000b\000u\000s\000c\000a\000\040\000b\000i\000n\000\341\000r\000i\000a}{section.3}% 26
\BOOKMARK [3][-]{subsubsection.3.5.1}{\376\377\000I\000n\000s\000e\000r\000\347\000\343\000o}{subsection.3.5}% 27
\BOOKMARK [3][-]{subsubsection.3.5.2}{\376\377\000I\000m\000p\000r\000e\000s\000s\000\343\000o}{subsection.3.5}% 28
\BOOKMARK [1][-]{section.4}{\376\377\000T\000e\000s\000t\000e\000s}{}% 29
